<?xml version="1.0" encoding="UTF-8" ?>
<testsuite errors="0" failures="0" hostname="DESKTOP-9MCH4PR" name="UtilityTest" skipped="0" tests="8" time="0.109" timestamp="2022-01-11T22:25:56">
  <properties>
[...]
</properties>
  <testcase classname="UtilityTest" name="weekday_count_should_exclude_weekend_days" time="0.01" />
  <testcase classname="UtilityTest" name="dates_overlap_returns_false_when_new_occurs_before_existing" time="0.0" />
  <testcase classname="UtilityTest" name="dates_overlap_returns_true_when_new_start_and_new_end_overlap_with_existing" time="0.0" />
  <testcase classname="UtilityTest" name="weekday_count_returns_one_when_end_date_is_equal_to_start_date" time="0.0" />
  <testcase classname="UtilityTest" name="dates_overlap_returns_true_when_new_start_overlaps_with_existing" time="0.0" />
  <testcase classname="UtilityTest" name="dates_overlap_returns_true_when_new_end_overlaps_with_existing" time="0.0" />
  <testcase classname="UtilityTest" name="weekday_count_returns_zero_when_end_date_is_before_start_date" time="0.0" />
  <testcase classname="UtilityTest" name="dates_overlap_returns_false_when_new_occurs_after_existing" time="0.0" />
  <system-out><![CDATA[]]></system-out>
  <system-err><![CDATA[]]></system-err>
</testsuite>
